<?xml version="1.0" encoding="UTF-8"?>
<!-- Generated by org.testng.reporters.JUnitReportReporter -->
<testsuite skipped="0" hostname="Ahmed-Pc" name="TestRunners.runners" tests="19" failures="2" timestamp="2022-10-13T18:13:42 EET" time="192.259" errors="1">
  <testcase name="runScenario" time="6.033" classname="TestRunners.runners"/>
  <system-out/>
  <testcase name="runScenario" time="10.575" classname="TestRunners.runners"/>
  <system-out/>
  <testcase name="runScenario" time="6.356" classname="TestRunners.runners"/>
  <system-out/>
  <testcase name="runScenario" time="9.826" classname="TestRunners.runners"/>
  <system-out/>
  <testcase name="runScenario" time="10.924" classname="TestRunners.runners"/>
  <system-out/>
  <testcase name="runScenario" time="14.841" classname="TestRunners.runners"/>
  <system-out/>
  <testcase name="runScenario" time="6.929" classname="TestRunners.runners"/>
  <system-out/>
  <testcase name="runScenario" time="22.360" classname="TestRunners.runners"/>
  <system-out/>
  <testcase name="runScenario" time="6.301" classname="TestRunners.runners"/>
  <system-out/>
  <testcase name="runScenario" time="10.954" classname="TestRunners.runners"/>
  <system-out/>
  <testcase name="runScenario" time="14.646" classname="TestRunners.runners"/>
  <system-out/>
  <testcase name="runScenario" time="7.667" classname="TestRunners.runners"/>
  <system-out/>
  <testcase name="runScenario" time="9.745" classname="TestRunners.runners"/>
  <system-out/>
  <testcase name="runScenario" time="7.928" classname="TestRunners.runners">
    <failure type="java.lang.AssertionError" message="expected [https://demo.nopcommerce.com/iphone-6] but found [https://demo.nopcommerce.com/]">
      <![CDATA[java.lang.AssertionError: expected [https://demo.nopcommerce.com/iphone-6] but found [https://demo.nopcommerce.com/]
at org.testng.Assert.fail(Assert.java:110)
at org.testng.Assert.failNotEquals(Assert.java:1413)
at org.testng.Assert.assertEqualsImpl(Assert.java:149)
at org.testng.Assert.assertEquals(Assert.java:131)
at org.testng.Assert.assertEquals(Assert.java:655)
at org.testng.Assert.assertEquals(Assert.java:665)
at Pages.P03_HomePage.getSecondSliderProductUrl(P03_HomePage.java:160)
at Step_definition.D06_HomeSlidersStepDefinition.user_go_second_product_page(D06_HomeSlidersStepDefinition.java:41)
at ✽.user go to second product page(file:///C:/Users/DELL/Desktop/EcommerceAppProject/src/main/resources/Features/F06_HomeSliders.feature:11)
]]>
    </failure>
  </testcase> <!-- runScenario -->
  <system-out/>
  <testcase name="runScenario" time="8.253" classname="TestRunners.runners">
    <error type="java.lang.IndexOutOfBoundsException" message="Index: 1, Size: 1">
      <![CDATA[java.lang.IndexOutOfBoundsException: Index: 1, Size: 1
at java.util.ArrayList.rangeCheck(ArrayList.java:659)
at java.util.ArrayList.get(ArrayList.java:435)
at Step_definition.D07_FollowUsStepDefinition.rss_opened_in_new_tab(D07_FollowUsStepDefinition.java:65)
at ✽.rss "https://demo.nopcommerce.com/new-online-store-is-open" is opened in new tab(file:///C:/Users/DELL/Desktop/EcommerceAppProject/src/main/resources/Features/F07_FollowUs.feature:16)
]]>
    </error>
  </testcase> <!-- runScenario -->
  <system-out/>
  <testcase name="runScenario" time="7.895" classname="TestRunners.runners"/>
  <system-out/>
  <testcase name="runScenario" time="8.172" classname="TestRunners.runners">
    <failure type="java.lang.AssertionError" message="expected [https://demo.nopcommerce.com/nokia-lumia-1020] but found [https://demo.nopcommerce.com/]">
      <![CDATA[java.lang.AssertionError: expected [https://demo.nopcommerce.com/nokia-lumia-1020] but found [https://demo.nopcommerce.com/]
at org.testng.Assert.fail(Assert.java:110)
at org.testng.Assert.failNotEquals(Assert.java:1413)
at org.testng.Assert.assertEqualsImpl(Assert.java:149)
at org.testng.Assert.assertEquals(Assert.java:131)
at org.testng.Assert.assertEquals(Assert.java:655)
at org.testng.Assert.assertEquals(Assert.java:665)
at Pages.P03_HomePage.getFirstSliderProductUrl(P03_HomePage.java:137)
at Step_definition.D06_HomeSlidersStepDefinition.user_go_first_product_page(D06_HomeSlidersStepDefinition.java:26)
at ✽.user go to first product page(file:///C:/Users/DELL/Desktop/EcommerceAppProject/src/main/resources/Features/F06_HomeSliders.feature:6)
]]>
    </failure>
  </testcase> <!-- runScenario -->
  <system-out/>
  <testcase name="runScenario" time="7.579" classname="TestRunners.runners"/>
  <system-out/>
  <testcase name="runScenario" time="15.275" classname="TestRunners.runners"/>
  <system-out/>
</testsuite> <!-- TestRunners.runners -->
